Build started 5/3/2014 10:52:19 AM.
     1>Project "C:\Program Files (x86)\of_v0.8.0_vs_release\examples\empty\rts\emptyExample.vcxproj" on node 2 (Build target(s)).
     1>ClCompile:
         C:\Program Files (x86)\Microsoft Visual Studio 11.0\VC\bin\CL.exe /c /I..\..\..\libs\openFrameworks /I..\..\..\libs\openFrameworks\graphics /I..\..\..\libs\openFrameworks\app /I..\..\..\libs\openFrameworks\sound /I..\..\..\libs\openFrameworks\utils /I..\..\..\libs\openFrameworks\communication /I..\..\..\libs\openFrameworks\video /I..\..\..\libs\openFrameworks\types /I..\..\..\libs\openFrameworks\math /I..\..\..\libs\openFrameworks\3d /I..\..\..\libs\openFrameworks\gl /I..\..\..\libs\openFrameworks\events /I..\..\..\libs\glut\include /I..\..\..\libs\rtAudio\include /I..\..\..\libs\quicktime\include /I..\..\..\libs\freetype\include /I..\..\..\libs\freetype\include\freetype2 /I..\..\..\libs\freeImage\include /I..\..\..\libs\fmodex\include /I..\..\..\libs\videoInput\include /I..\..\..\libs\glew\include\ /I..\..\..\libs\glu\include /I..\..\..\libs\tess2\include /I..\..\..\libs\cairo\include\cairo /I..\..\..\libs\poco\include /I..\..\..\libs\glfw\include /I..\..\..\libs\openssl\include /I..\..\..\addons /Isrc /ZI /nologo /W3 /WX- /Od /Oy- /D WIN32 /D _DEBUG /D _CONSOLE /D POCO_STATIC /D CAIRO_WIN32_STATIC_BUILD /D DISABLE_SOME_FLOATING_POINT /D _UNICODE /D UNICODE /Gm /EHsc /RTC1 /MDd /GS /fp:precise /Zc:wchar_t /Zc:forScope /Fo"obj\Debug\\" /Fd"obj\Debug\vc110.pdb" /Gd /TP /analyze- /errorReport:prompt src\testApp.cpp
         testApp.cpp
     1>c:\program files (x86)\of_v0.8.0_vs_release\libs\poco\include\poco\streamconverter.h(126): warning C4250: 'Poco::InputStreamConverter' : inherits 'std::basic_istream<_Elem,_Traits>::std::basic_istream<_Elem,_Traits>::_Add_vtordisp1' via dominance
                 with
                 [
                     _Elem=char,
                     _Traits=std::char_traits<char>
                 ]
                 c:\program files (x86)\microsoft visual studio 11.0\vc\include\istream(74) : see declaration of 'std::basic_istream<_Elem,_Traits>::_Add_vtordisp1'
                 with
                 [
                     _Elem=char,
                     _Traits=std::char_traits<char>
                 ]
     1>c:\program files (x86)\of_v0.8.0_vs_release\libs\poco\include\poco\streamconverter.h(144): warning C4250: 'Poco::OutputStreamConverter' : inherits 'std::basic_ostream<_Elem,_Traits>::std::basic_ostream<_Elem,_Traits>::_Add_vtordisp2' via dominance
                 with
                 [
                     _Elem=char,
                     _Traits=std::char_traits<char>
                 ]
                 c:\program files (x86)\microsoft visual studio 11.0\vc\include\ostream(90) : see declaration of 'std::basic_ostream<_Elem,_Traits>::_Add_vtordisp2'
                 with
                 [
                     _Elem=char,
                     _Traits=std::char_traits<char>
                 ]
       Link:
         C:\Program Files (x86)\Microsoft Visual Studio 11.0\VC\bin\link.exe /ERRORREPORT:PROMPT /OUT:"bin\emptyExample_debug.exe" /INCREMENTAL /NOLOGO /LIBPATH:..\..\..\libs\glut\lib\vs /LIBPATH:..\..\..\libs\glfw\lib\vs /LIBPATH:..\..\..\libs\rtAudio\lib\vs /LIBPATH:..\..\..\libs\FreeImage\lib\vs /LIBPATH:..\..\..\libs\freetype\lib\vs /LIBPATH:..\..\..\libs\quicktime\lib\vs /LIBPATH:..\..\..\libs\fmodex\lib\vs /LIBPATH:..\..\..\libs\videoInput\lib\vs /LIBPATH:..\..\..\libs\cairo\lib\vs /LIBPATH:..\..\..\libs\glew\lib\vs /LIBPATH:..\..\..\libs\glu\lib\vs /LIBPATH:..\..\..\libs\openssl\lib\vs /LIBPATH:..\..\..\libs\Poco\lib\vs /LIBPATH:..\..\..\libs\tess2\lib\vs "cairo-static.lib" "pixman-1.lib" msimg32.lib OpenGL32.lib GLu32.lib kernel32.lib setupapi.lib Vfw32.lib comctl32.lib glut32.lib rtAudioD.lib videoInputD.lib libfreetype.lib FreeImage.lib qtmlClient.lib dsound.lib user32.lib gdi32.lib winspool.lib comdlg32.lib advapi32.lib shell32.lib ole32.lib oleaut32.lib uuid.lib glew32s.lib fmodex_vc.lib glu32.lib ssleay32MD.lib libeay32MD.lib crypt32.lib PocoFoundationmdd.lib PocoNetmdd.lib PocoUtilmdd.lib PocoXMLmdd.lib Ws2_32.lib tess2.lib glfw3.lib kernel32.lib user32.lib gdi32.lib winspool.lib comdlg32.lib advapi32.lib shell32.lib ole32.lib oleaut32.lib uuid.lib odbc32.lib odbccp32.lib /NODEFAULTLIB:PocoFoundationmdd.lib /NODEFAULTLIB:atlthunk.lib /NODEFAULTLIB:msvcrt /NODEFAULTLIB:libcmt /NODEFAULTLIB:LIBC /NODEFAULTLIB:LIBCMTD /MANIFEST /MANIFESTUAC:"level='asInvoker' uiAccess='false'" /manifest:embed /DEBUG /PDB:"bin\emptyExample_debug.pdb" /SUBSYSTEM:CONSOLE /TLBID:1 /DYNAMICBASE:NO /NXCOMPAT /IMPLIB:"bin\emptyExample_debug.lib" /MACHINE:X86 /SAFESEH obj\Debug\Camera.obj
         obj\Debug\Face.obj
         obj\Debug\Matrix.obj
         obj\Debug\main.obj
         obj\Debug\testApp.obj
         obj\Debug\Vertex.obj
         "C:\Program Files (x86)\of_v0.8.0_vs_release\libs\openFrameworksCompiled\lib\vs\openframeworksLib_debug.lib"
         emptyExample.vcxproj -> C:\Program Files (x86)\of_v0.8.0_vs_release\examples\empty\rts\bin\emptyExample_debug.exe
       PostBuildEvent:
         xcopy /e /i /y "C:\Program Files (x86)\of_v0.8.0_vs_release\examples\empty\rts\..\..\..\export\vs\*.dll" "C:\Program Files (x86)\of_v0.8.0_vs_release\examples\empty\rts\bin"
         :VCEnd
         C:\Program Files (x86)\of_v0.8.0_vs_release\examples\empty\rts\..\..\..\export\vs\Assimp32.dll
         C:\Program Files (x86)\of_v0.8.0_vs_release\examples\empty\rts\..\..\..\export\vs\fmodex.dll
         C:\Program Files (x86)\of_v0.8.0_vs_release\examples\empty\rts\..\..\..\export\vs\fmodexL.dll
         C:\Program Files (x86)\of_v0.8.0_vs_release\examples\empty\rts\..\..\..\export\vs\FreeImage.dll
         C:\Program Files (x86)\of_v0.8.0_vs_release\examples\empty\rts\..\..\..\export\vs\FreeType-6.dll
         C:\Program Files (x86)\of_v0.8.0_vs_release\examples\empty\rts\..\..\..\export\vs\glut32.dll
         C:\Program Files (x86)\of_v0.8.0_vs_release\examples\empty\rts\..\..\..\export\vs\libeay32.dll
         C:\Program Files (x86)\of_v0.8.0_vs_release\examples\empty\rts\..\..\..\export\vs\ssleay32.dll
         C:\Program Files (x86)\of_v0.8.0_vs_release\examples\empty\rts\..\..\..\export\vs\Zlib.dll
         9 File(s) copied
     1>Done Building Project "C:\Program Files (x86)\of_v0.8.0_vs_release\examples\empty\rts\emptyExample.vcxproj" (Build target(s)).

Build succeeded.

Time Elapsed 00:00:03.94
