C:\PROGRAM FILES (X86)\OF_V0.8.0_VS_RELEASE\EXAMPLES\EMPTY\RTS\OBJ\DEBUG\CAMERA.OBJ
C:\PROGRAM FILES (X86)\OF_V0.8.0_VS_RELEASE\EXAMPLES\EMPTY\RTS\OBJ\DEBUG\FACE.OBJ
C:\PROGRAM FILES (X86)\OF_V0.8.0_VS_RELEASE\EXAMPLES\EMPTY\RTS\OBJ\DEBUG\MATRIX.OBJ
C:\PROGRAM FILES (X86)\OF_V0.8.0_VS_RELEASE\EXAMPLES\EMPTY\RTS\OBJ\DEBUG\MAIN.OBJ
C:\PROGRAM FILES (X86)\OF_V0.8.0_VS_RELEASE\EXAMPLES\EMPTY\RTS\OBJ\DEBUG\TESTAPP.OBJ
C:\PROGRAM FILES (X86)\OF_V0.8.0_VS_RELEASE\EXAMPLES\EMPTY\RTS\OBJ\DEBUG\VERTEX.OBJ
C:\PROGRAM FILES (X86)\OF_V0.8.0_VS_RELEASE\EXAMPLES\EMPTY\RTS\OBJ\DEBUG\VC110.PDB
C:\Program Files (x86)\of_v0.8.0_vs_release\examples\empty\rts\bin\emptyExample_debug.lib
C:\Program Files (x86)\of_v0.8.0_vs_release\examples\empty\rts\bin\emptyExample_debug.exp
C:\PROGRAM FILES (X86)\OF_V0.8.0_VS_RELEASE\EXAMPLES\EMPTY\RTS\BIN\EMPTYEXAMPLE_DEBUG.ILK
C:\PROGRAM FILES (X86)\OF_V0.8.0_VS_RELEASE\EXAMPLES\EMPTY\RTS\BIN\EMPTYEXAMPLE_DEBUG.EXE
C:\PROGRAM FILES (X86)\OF_V0.8.0_VS_RELEASE\EXAMPLES\EMPTY\RTS\BIN\EMPTYEXAMPLE_DEBUG.PDB
C:\Program Files (x86)\of_v0.8.0_vs_release\examples\empty\rts\obj\Debug\main.obj
C:\Program Files (x86)\of_v0.8.0_vs_release\examples\empty\rts\obj\Debug\cl.command.1.tlog
C:\Program Files (x86)\of_v0.8.0_vs_release\examples\empty\rts\obj\Debug\CL.read.1.tlog
C:\Program Files (x86)\of_v0.8.0_vs_release\examples\empty\rts\obj\Debug\CL.write.1.tlog
C:\Program Files (x86)\of_v0.8.0_vs_release\examples\empty\rts\obj\Debug\emptyExample.write.1.tlog
C:\Program Files (x86)\of_v0.8.0_vs_release\examples\empty\rts\obj\Debug\link-cvtres.read.1.tlog
C:\Program Files (x86)\of_v0.8.0_vs_release\examples\empty\rts\obj\Debug\link-cvtres.write.1.tlog
C:\Program Files (x86)\of_v0.8.0_vs_release\examples\empty\rts\obj\Debug\link-rc.read.1.tlog
C:\Program Files (x86)\of_v0.8.0_vs_release\examples\empty\rts\obj\Debug\link-rc.write.1.tlog
C:\Program Files (x86)\of_v0.8.0_vs_release\examples\empty\rts\obj\Debug\link.3076-cvtres.read.1.tlog
C:\Program Files (x86)\of_v0.8.0_vs_release\examples\empty\rts\obj\Debug\link.3076-cvtres.write.1.tlog
C:\Program Files (x86)\of_v0.8.0_vs_release\examples\empty\rts\obj\Debug\link.3076-rc.read.1.tlog
C:\Program Files (x86)\of_v0.8.0_vs_release\examples\empty\rts\obj\Debug\link.3076-rc.write.1.tlog
C:\Program Files (x86)\of_v0.8.0_vs_release\examples\empty\rts\obj\Debug\link.3076.read.1.tlog
C:\Program Files (x86)\of_v0.8.0_vs_release\examples\empty\rts\obj\Debug\link.3076.write.1.tlog
C:\Program Files (x86)\of_v0.8.0_vs_release\examples\empty\rts\obj\Debug\link.3972-cvtres.read.1.tlog
C:\Program Files (x86)\of_v0.8.0_vs_release\examples\empty\rts\obj\Debug\link.3972-cvtres.write.1.tlog
C:\Program Files (x86)\of_v0.8.0_vs_release\examples\empty\rts\obj\Debug\link.3972-rc.read.1.tlog
C:\Program Files (x86)\of_v0.8.0_vs_release\examples\empty\rts\obj\Debug\link.3972-rc.write.1.tlog
C:\Program Files (x86)\of_v0.8.0_vs_release\examples\empty\rts\obj\Debug\link.3972.read.1.tlog
C:\Program Files (x86)\of_v0.8.0_vs_release\examples\empty\rts\obj\Debug\link.3972.write.1.tlog
C:\Program Files (x86)\of_v0.8.0_vs_release\examples\empty\rts\obj\Debug\link.4224-cvtres.read.1.tlog
C:\Program Files (x86)\of_v0.8.0_vs_release\examples\empty\rts\obj\Debug\link.4224-cvtres.write.1.tlog
C:\Program Files (x86)\of_v0.8.0_vs_release\examples\empty\rts\obj\Debug\link.4224-rc.read.1.tlog
C:\Program Files (x86)\of_v0.8.0_vs_release\examples\empty\rts\obj\Debug\link.4224-rc.write.1.tlog
C:\Program Files (x86)\of_v0.8.0_vs_release\examples\empty\rts\obj\Debug\link.4224.read.1.tlog
C:\Program Files (x86)\of_v0.8.0_vs_release\examples\empty\rts\obj\Debug\link.4224.write.1.tlog
C:\Program Files (x86)\of_v0.8.0_vs_release\examples\empty\rts\obj\Debug\link.4272-cvtres.read.1.tlog
C:\Program Files (x86)\of_v0.8.0_vs_release\examples\empty\rts\obj\Debug\link.4272-cvtres.write.1.tlog
C:\Program Files (x86)\of_v0.8.0_vs_release\examples\empty\rts\obj\Debug\link.4272-rc.read.1.tlog
C:\Program Files (x86)\of_v0.8.0_vs_release\examples\empty\rts\obj\Debug\link.4272-rc.write.1.tlog
C:\Program Files (x86)\of_v0.8.0_vs_release\examples\empty\rts\obj\Debug\link.4272.read.1.tlog
C:\Program Files (x86)\of_v0.8.0_vs_release\examples\empty\rts\obj\Debug\link.4272.write.1.tlog
C:\Program Files (x86)\of_v0.8.0_vs_release\examples\empty\rts\obj\Debug\link.command.1.tlog
C:\Program Files (x86)\of_v0.8.0_vs_release\examples\empty\rts\obj\Debug\link.read.1.tlog
C:\Program Files (x86)\of_v0.8.0_vs_release\examples\empty\rts\obj\Debug\link.write.1.tlog
C:\Program Files (x86)\of_v0.8.0_vs_release\examples\empty\rts\obj\Debug\vc110.idb
C:\Program Files (x86)\of_v0.8.0_vs_release\examples\empty\rts\obj\Debug\vc110.pdb
C:\Program Files (x86)\of_v0.8.0_vs_release\examples\empty\rts\bin\emptyExample_debug.exe
